
/home/runner/work/exp-ode-modified-eulers-method-iitb/exp-ode-modified-eulers-method-iitb/experiment/simulation/common_libraries/js/ts_components/collapse_step.js
   1:10  warning  'show_step' is defined but never used                 no-unused-vars
   2:5   warning  '$' is not defined                                    no-undef
   3:9   warning  '$' is not defined                                    no-undef
   6:10  warning  'hide_step' is defined but never used                 no-unused-vars
   7:5   warning  '$' is not defined                                    no-undef
   8:9   warning  '$' is not defined                                    no-undef
  11:10  warning  'get_collapse_btn_text' is defined but never used     no-unused-vars
  20:10  warning  'get_collapse_btn_element' is defined but never used  no-unused-vars
  29:10  warning  'hide_all_steps' is defined but never used            no-unused-vars
  31:9   warning  '$' is not defined                                    no-undef

/home/runner/work/exp-ode-modified-eulers-method-iitb/exp-ode-modified-eulers-method-iitb/experiment/simulation/common_libraries/js/ts_components/matrix.js
   27:26  warning  'MathJax' is not defined                                no-undef
   32:7   warning  'Matrix_Without_String' is defined but never used       no-unused-vars
   52:26  warning  'MathJax' is not defined                                no-undef
   56:10  warning  'get_matrix_html' is defined but never used             no-unused-vars
   87:13  warning  'row_html' is assigned a value but never used           no-unused-vars
   99:10  warning  'get_matrix_html_with_title' is defined but never used  no-unused-vars
  131:13  warning  'row_html' is assigned a value but never used           no-unused-vars
  143:10  warning  'convert_2d_to_1d_vector' is defined but never used     no-unused-vars
  156:10  warning  'convert_1d_to_2d_matrix' is defined but never used     no-unused-vars

/home/runner/work/exp-ode-modified-eulers-method-iitb/exp-ode-modified-eulers-method-iitb/experiment/simulation/common_libraries/js/ts_components/pannel.js
  8:7  warning  'Pannel' is defined but never used  no-unused-vars

/home/runner/work/exp-ode-modified-eulers-method-iitb/exp-ode-modified-eulers-method-iitb/experiment/simulation/common_libraries/js/ts_components/questions.js
   6:17  warning  'op1' is assigned a value but never used      no-unused-vars
   7:17  warning  'op2' is assigned a value but never used      no-unused-vars
   8:17  warning  'op3' is assigned a value but never used      no-unused-vars
   9:17  warning  'op4' is assigned a value but never used      no-unused-vars
  94:7   warning  'Question_Options' is defined but never used  no-unused-vars

/home/runner/work/exp-ode-modified-eulers-method-iitb/exp-ode-modified-eulers-method-iitb/experiment/simulation/common_libraries/js/ts_components/tables.js
   19:22  warning  'verify_values' is not defined                                     no-undef
  137:22  warning  'verify_values' is not defined                                     no-undef
  260:7   warning  'Verify_Rows_Cols_6_decimal_places' is defined but never used      no-unused-vars
  311:22  warning  'verify_values' is not defined                                     no-undef
  416:7   warning  'Verify_Rows_Cols_Custom_Fixed_Update1' is defined but never used  no-unused-vars
  468:7   warning  'Show_Table_Custom_Fixed' is defined but never used                no-unused-vars
  506:7   warning  'Verify_Rows_Cols_Strings' is defined but never used               no-unused-vars
  527:22  warning  'verify_values' is not defined                                     no-undef
  663:7   warning  'Display_Table' is defined but never used                          no-unused-vars

/home/runner/work/exp-ode-modified-eulers-method-iitb/exp-ode-modified-eulers-method-iitb/experiment/simulation/common_libraries/js/ts_math_library/general_math_functions.js
    1:10  warning  'verify_values' is defined but never used                   no-unused-vars
   17:10  warning  'random1' is defined but never used                         no-unused-vars
   21:10  warning  'std_deviation' is defined but never used                   no-unused-vars
   26:10  warning  'gauss' is defined but never used                           no-unused-vars
   56:10  warning  'hide_panel' is defined but never used                      no-unused-vars
   63:10  warning  'inverse_matrix' is defined but never used                  no-unused-vars
   96:10  warning  'matrix_multiplication' is defined but never used           no-unused-vars
  113:10  warning  'transpose_matrix' is defined but never used                no-unused-vars
  123:10  warning  'matrix_multiplication_8decimal' is defined but never used  no-unused-vars
  140:10  warning  'adjoint_2x2_matrix' is defined but never used              no-unused-vars
  145:10  warning  'find_deteminant' is defined but never used                 no-unused-vars
  174:10  warning  'get_Submatrix' is defined but never used                   no-unused-vars

/home/runner/work/exp-ode-modified-eulers-method-iitb/exp-ode-modified-eulers-method-iitb/experiment/simulation/common_libraries/js/ts_math_library/regression.js
   1:10  warning  'regression_linear' is defined but never used            no-unused-vars
  18:10  warning  'regression_linear_1variable' is defined but never used  no-unused-vars
  27:10  warning  'regression_linear_2variable' is defined but never used  no-unused-vars
  52:11  warning  'gauss' is not defined                                   no-undef

/home/runner/work/exp-ode-modified-eulers-method-iitb/exp-ode-modified-eulers-method-iitb/experiment/simulation/common_libraries/math.ob.js
  1:745  warning  'b' is already defined  no-redeclare

/home/runner/work/exp-ode-modified-eulers-method-iitb/exp-ode-modified-eulers-method-iitb/experiment/simulation/js/activity1.js
   13:24  warning  'MathJax' is not defined                  no-undef
   15:10  warning  'start_act1' is defined but never used    no-unused-vars
   20:20  warning  'get_collapse_btn_text' is not defined    no-undef
   66:5   warning  'hide_all_steps' is not defined           no-undef
   67:5   warning  'show_step' is not defined                no-undef
   68:24  warning  'MathJax' is not defined                  no-undef
   70:10  warning  'calculate_xy' is defined but never used  no-unused-vars
   74:5   warning  'acc_val' is not defined                  no-undef
   75:32  warning  'acc_val' is not defined                  no-undef
   85:5   warning  'x_val' is not defined                    no-undef
   85:16  warning  'x0' is not defined                       no-undef
   87:9   warning  'x_val' is not defined                    no-undef
   87:32  warning  'x_val' is not defined                    no-undef
   87:47  warning  'h' is not defined                        no-undef
   89:28  warning  'x_val' is not defined                    no-undef
   90:5   warning  'y_past' is not defined                   no-undef
   90:14  warning  'y0' is not defined                       no-undef
   90:19  warning  'h' is not defined                        no-undef
   90:23  warning  'f1' is not defined                       no-undef
   90:26  warning  'x0' is not defined                       no-undef
   90:30  warning  'y0' is not defined                       no-undef
   91:29  warning  'y_past' is not defined                   no-undef
   93:5   warning  'getyacc' is not defined                  no-undef
   93:13  warning  'y0' is not defined                       no-undef
   93:17  warning  'h' is not defined                        no-undef
   93:20  warning  'x0' is not defined                       no-undef
   93:24  warning  'y_past' is not defined                   no-undef
   93:32  warning  'acc_val' is not defined                  no-undef
   94:29  warning  'y_curr' is not defined                   no-undef
  102:5   warning  'tb_data' is not defined                  no-undef
  105:21  warning  'no_iter' is not defined                  no-undef
  107:9   warning  'tb_data' is not defined                  no-undef
  107:25  warning  'y_curr' is not defined                   no-undef
  110:5   warning  'y_accval' is not defined                 no-undef
  110:16  warning  'y_curr' is not defined                   no-undef
  111:33  warning  'y_accval' is not defined                 no-undef
  112:18  warning  'Verify_Table' is not defined             no-undef
  112:39  warning  'tb_data' is not defined                  no-undef
  112:61  warning  'y_curr' is not defined                   no-undef
  116:5   warning  'x0' is not defined                       no-undef
  116:11  warning  'h' is not defined                        no-undef
  117:5   warning  'getyacc' is not defined                  no-undef
  117:13  warning  'y_accval' is not defined                 no-undef
  117:23  warning  'h' is not defined                        no-undef
  117:26  warning  'x0' is not defined                       no-undef
  117:30  warning  'y_past' is not defined                   no-undef
  117:38  warning  'acc_val' is not defined                  no-undef
  118:29  warning  'y_curr' is not defined                   no-undef
  120:21  warning  'no_iter' is not defined                  no-undef
  121:10  warning  'y_curr' is not defined                   no-undef
  123:21  warning  'y_curr' is not defined                   no-undef
  125:5   warning  'y_values' is not defined                 no-undef
  125:17  warning  'y0' is not defined                       no-undef
  125:21  warning  'y_accval' is not defined                 no-undef
  126:32  warning  'y_values' is not defined                 no-undef
  134:5   warning  'tb_data' is not defined                  no-undef
  138:24  warning  'x_val' is not defined                    no-undef
  139:9   warning  'tb_data' is not defined                  no-undef
  139:25  warning  'y_values' is not defined                 no-undef
  142:18  warning  'Verify_Table' is not defined             no-undef
  142:39  warning  'tb_data' is not defined                  no-undef
  142:61  warning  'y_values' is not defined                 no-undef
  149:10  warning  'exp_complete' is defined but never used  no-unused-vars

/home/runner/work/exp-ode-modified-eulers-method-iitb/exp-ode-modified-eulers-method-iitb/experiment/simulation/js/data.js
   2:10  warning  'verify_values_abs' is defined but never used  no-unused-vars
  15:5   warning  'tb_data' is assigned a value but never used   no-unused-vars
  16:5   warning  'acc_val' is defined but never used            no-unused-vars
  17:5   warning  'x0' is assigned a value but never used        no-unused-vars
  18:5   warning  'y0' is assigned a value but never used        no-unused-vars
  19:5   warning  'x_val' is assigned a value but never used     no-unused-vars
  20:5   warning  'h' is assigned a value but never used         no-unused-vars
  21:5   warning  'y_past' is defined but never used             no-unused-vars
  22:5   warning  'no_iter' is assigned a value but never used   no-unused-vars
  23:5   warning  'y_curr' is assigned a value but never used    no-unused-vars
  24:5   warning  'err' is defined but never used                no-unused-vars
  25:5   warning  'y_val' is assigned a value but never used     no-unused-vars
  26:5   warning  'y_values' is assigned a value but never used  no-unused-vars
  27:5   warning  'y_accval' is defined but never used           no-unused-vars
  28:5   warning  'y_accval1' is defined but never used          no-unused-vars

/home/runner/work/exp-ode-modified-eulers-method-iitb/exp-ode-modified-eulers-method-iitb/experiment/simulation/js/modified_euler.js
   4:10  warning  'getyacc' is defined but never used  no-unused-vars
   6:9   warning  'y_curr' is not defined              no-undef
   6:16  warning  'no_iter' is not defined             no-undef
   7:9   warning  'err' is not defined                 no-undef
   7:33  warning  'y_curr' is not defined              no-undef
   7:40  warning  'no_iter' is not defined             no-undef
   8:18  warning  'y_curr' is not defined              no-undef
   8:25  warning  'no_iter' is not defined             no-undef
   9:9   warning  'no_iter' is not defined             no-undef
  10:14  warning  'err' is not defined                 no-undef
  11:13  warning  'y_curr' is not defined              no-undef

/home/runner/work/exp-ode-modified-eulers-method-iitb/exp-ode-modified-eulers-method-iitb/experiment/simulation/js/screen_size.js
  1:10  warning  'set_screen_size' is defined but never used  no-unused-vars

✖ 141 problems (0 errors, 141 warnings)

